<?xml version="1.0" encoding="UTF-8"?>
<beans xmlns="http://www.springframework.org/schema/beans"
	xmlns:mvc="http://www.springframework.org/schema/mvc"
	xmlns:xsi="http://www.w3.org/2001/XMLSchema-instance" xmlns:context="http://www.springframework.org/schema/context"
	xmlns:tx="http://www.springframework.org/schema/tx" xmlns:jdbc="http://www.springframework.org/schema/jdbc"
	xsi:schemaLocation="
http://www.springframework.org/schema/jdbc 
http://www.springframework.org/schema/jdbc/spring-jdbc-3.2.xsd 
http://www.springframework.org/schema/context 
http://www.springframework.org/schema/context/spring-context-3.2.xsd
http://www.springframework.org/schema/beans 
http://www.springframework.org/schema/beans/spring-beans-3.2.xsd 
http://www.springframework.org/schema/mvc
http://www.springframework.org/schema/mvc/spring-mvc-3.2.xsd 
http://www.springframework.org/schema/tx 
http://www.springframework.org/schema/tx/spring-tx-3.2.xsd">

	<context:annotation-config />
	
	<import resource="WEB-INF/spring/ds-context.xml" />
	<import resource="WEB-INF/spring/mybatis-conf.xml" />
	<import resource="WEB-INF/spring/procedure-conf.xml" />
	
	<bean id="databaseTester" class="org.dbunit.DataSourceDatabaseTester">
		<constructor-arg ref="dataSource" />
	</bean>
	
	<bean id="xlsDataFileLoader" class="org.dbunit.util.fileloader.XlsDataFileLoader" />
	
	<context:component-scan base-package="org.ikgroup.service" />


</beans>